<?xml version="1.0" encoding="UTF-8"?>
<!-- Generated by org.testng.reporters.JUnitXMLReporter -->
<testsuite hostname="DESKTOP-7PEBP5S" ignored="2" name="TestonChrome" tests="3" failures="2" timestamp="2023-03-29T15:45:21 IST" time="131.685" errors="0">
  <testcase name="verifyTestCase01" time="7.917" classname="com.test.TestCase01"/>
  <testcase name="verifyTestCase02" time="20.37" classname="com.test.TestCase02">
    <failure type="java.lang.AssertionError" message="expected [$100.00] but found []">
      <![CDATA[java.lang.AssertionError: expected [$100.00] but found []
at com.april.Utility.Libraryclass.custom_AssertEquals(Libraryclass.java:57)
at com.test.TestCase02.verifyTestCase02(TestCase02.java:25)
at java.util.ArrayList.forEach(Unknown Source)
at java.util.concurrent.FutureTask.run(Unknown Source)
at java.util.concurrent.ThreadPoolExecutor.runWorker(Unknown Source)
at java.util.concurrent.ThreadPoolExecutor$Worker.run(Unknown Source)
at java.lang.Thread.run(Unknown Source)
... Removed 24 stack frames]]>
    </failure>
  </testcase> <!-- verifyTestCase02 -->
  <testcase name="verifyTestCase03" time="39.062" classname="com.test.TestCase03">
    <failure type="java.lang.AssertionError" message="expected [* The maximum quantity allowed for purchase is 500.] but found []">
      <![CDATA[java.lang.AssertionError: expected [* The maximum quantity allowed for purchase is 500.] but found []
at com.april.Utility.Libraryclass.custom_AssertEquals(Libraryclass.java:57)
at com.test.TestCase03.verifyTestCase03(TestCase03.java:28)
at java.util.ArrayList.forEach(Unknown Source)
at java.util.concurrent.FutureTask.run(Unknown Source)
at java.util.concurrent.ThreadPoolExecutor.runWorker(Unknown Source)
at java.util.concurrent.ThreadPoolExecutor$Worker.run(Unknown Source)
at java.lang.Thread.run(Unknown Source)
... Removed 24 stack frames]]>
    </failure>
  </testcase> <!-- verifyTestCase03 -->
  <testcase name="@BeforeSuite BS" time="0.0" classname="com.april.Utility.Baseclass">
    <ignored/>
  </testcase> <!-- @BeforeSuite BS -->
  <testcase name="@BeforeSuite BS" time="0.0" classname="com.april.Utility.Baseclass">
    <ignored/>
  </testcase> <!-- @BeforeSuite BS -->
</testsuite> <!-- TestonChrome -->
